C:\Program Files\Microsoft Visual Studio\2022\Community\MSBuild\Microsoft\VC\v170\Microsoft.CppBuild.targets(531,5): warning MSB8028: 중간 디렉터리(x64\Debug\)에 다른 프로젝트(OpenGL_Pobi.vcxproj)에서 공유하는 파일이 포함되어 있습니다.  이로 인해 잘못된 정리 및 다시 빌드 동작이 수행될 수 있습니다.
  main.cpp
main.obj : error LNK2019: __imp_glBegin"void __cdecl createCircle(float,float,float)" (?createCircle@@YAXMMM@Z) 함수에서 참조되는 확인할 수 없는 외부 기호
main.obj : error LNK2019: __imp_glClear"void __cdecl display(void)" (?display@@YAXXZ) 함수에서 참조되는 확인할 수 없는 외부 기호
main.obj : error LNK2019: __imp_glClearColor"void __cdecl init(void)" (?init@@YAXXZ) 함수에서 참조되는 확인할 수 없는 외부 기호
main.obj : error LNK2019: __imp_glClipPlane"void __cdecl createHalfSphere(float)" (?createHalfSphere@@YAXM@Z) 함수에서 참조되는 확인할 수 없는 외부 기호
main.obj : error LNK2019: __imp_glColor3f"void __cdecl drawBody(void)" (?drawBody@@YAXXZ) 함수에서 참조되는 확인할 수 없는 외부 기호
main.obj : error LNK2019: __imp_glColorMaterial"void __cdecl display(void)" (?display@@YAXXZ) 함수에서 참조되는 확인할 수 없는 외부 기호
main.obj : error LNK2019: __imp_glDisable"void __cdecl createHalfSphere(float)" (?createHalfSphere@@YAXM@Z) 함수에서 참조되는 확인할 수 없는 외부 기호
main.obj : error LNK2019: __imp_glEnable"void __cdecl createHalfSphere(float)" (?createHalfSphere@@YAXM@Z) 함수에서 참조되는 확인할 수 없는 외부 기호
main.obj : error LNK2019: __imp_glEnd"void __cdecl createCircle(float,float,float)" (?createCircle@@YAXMMM@Z) 함수에서 참조되는 확인할 수 없는 외부 기호
main.obj : error LNK2019: __imp_glFlush"void __cdecl display(void)" (?display@@YAXXZ) 함수에서 참조되는 확인할 수 없는 외부 기호
main.obj : error LNK2019: __imp_glLightfv"void __cdecl init(void)" (?init@@YAXXZ) 함수에서 참조되는 확인할 수 없는 외부 기호
main.obj : error LNK2019: __imp_glLoadIdentity"void __cdecl display(void)" (?display@@YAXXZ) 함수에서 참조되는 확인할 수 없는 외부 기호
main.obj : error LNK2019: __imp_glMaterialfv"void __cdecl display(void)" (?display@@YAXXZ) 함수에서 참조되는 확인할 수 없는 외부 기호
main.obj : error LNK2019: __imp_glMatrixMode"void __cdecl display(void)" (?display@@YAXXZ) 함수에서 참조되는 확인할 수 없는 외부 기호
main.obj : error LNK2019: __imp_glNormal3f"void __cdecl createCircle(float,float,float)" (?createCircle@@YAXMMM@Z) 함수에서 참조되는 확인할 수 없는 외부 기호
main.obj : error LNK2019: __imp_glPolygonMode"void __cdecl init(void)" (?init@@YAXXZ) 함수에서 참조되는 확인할 수 없는 외부 기호
main.obj : error LNK2019: __imp_glPopMatrix"void __cdecl createHalfSphere(float)" (?createHalfSphere@@YAXM@Z) 함수에서 참조되는 확인할 수 없는 외부 기호
main.obj : error LNK2019: __imp_glPushMatrix"void __cdecl createHalfSphere(float)" (?createHalfSphere@@YAXM@Z) 함수에서 참조되는 확인할 수 없는 외부 기호
main.obj : error LNK2019: __imp_glRotatef"void __cdecl drawEar(void)" (?drawEar@@YAXXZ) 함수에서 참조되는 확인할 수 없는 외부 기호
main.obj : error LNK2019: __imp_glScalef"void __cdecl drawBody(void)" (?drawBody@@YAXXZ) 함수에서 참조되는 확인할 수 없는 외부 기호
main.obj : error LNK2019: __imp_glTexCoord2f"void __cdecl createCircle(float,float,float)" (?createCircle@@YAXMMM@Z) 함수에서 참조되는 확인할 수 없는 외부 기호
main.obj : error LNK2019: __imp_glTranslatef"void __cdecl drawBody(void)" (?drawBody@@YAXXZ) 함수에서 참조되는 확인할 수 없는 외부 기호
main.obj : error LNK2019: __imp_glVertex3f"void __cdecl createCircle(float,float,float)" (?createCircle@@YAXMMM@Z) 함수에서 참조되는 확인할 수 없는 외부 기호
main.obj : error LNK2019: __imp_glViewport"void __cdecl reshape(int,int)" (?reshape@@YAXHH@Z) 함수에서 참조되는 확인할 수 없는 외부 기호
main.obj : error LNK2019: gluPerspective"void __cdecl display(void)" (?display@@YAXXZ) 함수에서 참조되는 확인할 수 없는 외부 기호
main.obj : error LNK2019: gluLookAt"void __cdecl display(void)" (?display@@YAXXZ) 함수에서 참조되는 확인할 수 없는 외부 기호
main.obj : error LNK2019: gluNewQuadric"void __cdecl createCylinder(float,float,float)" (?createCylinder@@YAXMMM@Z) 함수에서 참조되는 확인할 수 없는 외부 기호
main.obj : error LNK2019: gluDeleteQuadric"void __cdecl createHalfSphere(float)" (?createHalfSphere@@YAXM@Z) 함수에서 참조되는 확인할 수 없는 외부 기호
main.obj : error LNK2019: gluCylinder"void __cdecl createCylinder(float,float,float)" (?createCylinder@@YAXMMM@Z) 함수에서 참조되는 확인할 수 없는 외부 기호
main.obj : error LNK2019: gluSphere"void __cdecl createHalfSphere(float)" (?createHalfSphere@@YAXM@Z) 함수에서 참조되는 확인할 수 없는 외부 기호
main.obj : error LNK2019: glutInitmain 함수에서 참조되는 확인할 수 없는 외부 기호
main.obj : error LNK2019: glutInitDisplayModemain 함수에서 참조되는 확인할 수 없는 외부 기호
main.obj : error LNK2019: glutInitWindowPositionmain 함수에서 참조되는 확인할 수 없는 외부 기호
main.obj : error LNK2019: glutInitWindowSizemain 함수에서 참조되는 확인할 수 없는 외부 기호
main.obj : error LNK2019: glutMainLoopmain 함수에서 참조되는 확인할 수 없는 외부 기호
main.obj : error LNK2019: glutCreateWindowmain 함수에서 참조되는 확인할 수 없는 외부 기호
main.obj : error LNK2019: glutPostRedisplay"void __cdecl motion(int,int)" (?motion@@YAXHH@Z) 함수에서 참조되는 확인할 수 없는 외부 기호
main.obj : error LNK2019: glutSwapBuffers"void __cdecl display(void)" (?display@@YAXXZ) 함수에서 참조되는 확인할 수 없는 외부 기호
main.obj : error LNK2019: glutDisplayFuncmain 함수에서 참조되는 확인할 수 없는 외부 기호
main.obj : error LNK2019: glutReshapeFuncmain 함수에서 참조되는 확인할 수 없는 외부 기호
main.obj : error LNK2019: glutKeyboardFuncmain 함수에서 참조되는 확인할 수 없는 외부 기호
main.obj : error LNK2019: glutMouseFuncmain 함수에서 참조되는 확인할 수 없는 외부 기호
main.obj : error LNK2019: glutMotionFuncmain 함수에서 참조되는 확인할 수 없는 외부 기호
main.obj : error LNK2019: glutIdleFuncmain 함수에서 참조되는 확인할 수 없는 외부 기호
main.obj : error LNK2019: glutSolidCube"void __cdecl drawBody(void)" (?drawBody@@YAXXZ) 함수에서 참조되는 확인할 수 없는 외부 기호
C:\OpenGL\opengl32.lib : warning LNK4272: 'x86' 라이브러리 컴퓨터 종류가 'x64' 대상 컴퓨터 종류와 충돌합니다.
C:\OpenGL\glu32.lib : warning LNK4272: 'x86' 라이브러리 컴퓨터 종류가 'x64' 대상 컴퓨터 종류와 충돌합니다.
C:\OpenGL\glut32.lib : warning LNK4272: 'x86' 라이브러리 컴퓨터 종류가 'x64' 대상 컴퓨터 종류와 충돌합니다.
C:\OpenGL\glaux.lib : warning LNK4272: 'x86' 라이브러리 컴퓨터 종류가 'x64' 대상 컴퓨터 종류와 충돌합니다.
D:\Graphics_OpenGL_Rody\x64\Debug\OpenGL_Rody.exe : fatal error LNK1120: 45개의 확인할 수 없는 외부 참조입니다.
